[debug] ----------------------------------------------------------------------
[debug] Command:      C:\Program Files\nodejs\node.exe C:\Users\beck\AppData\Roaming\npm\node_modules\firebase-tools\bin\firebase deploy
[debug] Platform:     win32
[debug] Node Version: v4.4.0
[debug] Time:         Wed Apr 06 2016 11:20:31 GMT+0530 (India Standard Time)
[debug] ----------------------------------------------------------------------
[debug] 
[debug] >>> HTTP REQUEST GET https://admin.firebase.com/firebase/beckme/token?token=XXX 
[debug] <<< HTTP RESPONSE 200
[debug] >>> HTTP REQUEST GET https://admin.firebase.com/firebase/beckme/token?token=XXX 
[debug] <<< HTTP RESPONSE 200
[info] 
[info] === Deploying to 'beckme'...
[info] 
[info] i  deploying hosting
[info] i  preparing public directory for upload...
[debug] >>> HTTP REQUEST PUT https://deploy.firebase.com/firebase/beckme/uploads/-KEe6rjbk8suhNmiT_qZ?token=XXX&fileCount=147&message= 
[debug] ----------------------------------------------------------------------
[debug] Command:      C:\Program Files\nodejs\node.exe C:\Users\beck\AppData\Roaming\npm\node_modules\firebase-tools\bin\firebase deploy
[debug] Platform:     win32
[debug] Node Version: v4.4.0
[debug] Time:         Wed Apr 06 2016 11:21:17 GMT+0530 (India Standard Time)
[debug] ----------------------------------------------------------------------
[debug] 
[debug] >>> HTTP REQUEST GET https://admin.firebase.com/firebase/beckme/token?token=XXX 
[debug] <<< HTTP RESPONSE 200
[debug] >>> HTTP REQUEST GET https://admin.firebase.com/firebase/beckme/token?token=XXX 
[debug] <<< HTTP RESPONSE 200
[info] 
[info] === Deploying to 'beckme'...
[info] 
[info] i  deploying hosting
[info] i  preparing public directory for upload...
[debug] >>> HTTP REQUEST PUT https://deploy.firebase.com/firebase/beckme/uploads/-KEe71rEa95KSTyEOcIa?token=XXX&fileCount=147&message= 
